mode: set
github.com/selabhvl/cpnmbt/rwregister/monitor.go:25.33,27.2 0 1
github.com/selabhvl/cpnmbt/rwregister/monitor.go:29.60,33.2 3 1
github.com/selabhvl/cpnmbt/rwregister/monitor.go:35.43,43.2 2 1
github.com/selabhvl/cpnmbt/rwregister/monitor.go:45.46,54.2 3 1
github.com/selabhvl/cpnmbt/rwregister/monitor.go:60.37,68.2 4 1
github.com/selabhvl/cpnmbt/rwregister/monitor.go:70.50,72.9 2 1
github.com/selabhvl/cpnmbt/rwregister/monitor.go:79.2,80.35 2 1
github.com/selabhvl/cpnmbt/rwregister/monitor.go:73.47,74.55 1 1
github.com/selabhvl/cpnmbt/rwregister/monitor.go:75.10,75.10 0 1
github.com/selabhvl/cpnmbt/rwregister/monitor.go:84.50,87.26 2 1
github.com/selabhvl/cpnmbt/rwregister/monitor.go:110.2,110.19 1 1
github.com/selabhvl/cpnmbt/rwregister/monitor.go:87.26,89.42 1 1
github.com/selabhvl/cpnmbt/rwregister/monitor.go:89.42,91.34 2 1
github.com/selabhvl/cpnmbt/rwregister/monitor.go:99.4,102.41 3 1
github.com/selabhvl/cpnmbt/rwregister/monitor.go:105.4,106.33 2 1
github.com/selabhvl/cpnmbt/rwregister/monitor.go:91.34,94.5 2 1
github.com/selabhvl/cpnmbt/rwregister/monitor.go:94.5,94.41 1 1
github.com/selabhvl/cpnmbt/rwregister/monitor.go:94.41,98.5 3 1
github.com/selabhvl/cpnmbt/rwregister/monitor.go:102.41,104.5 1 1
github.com/selabhvl/cpnmbt/rwregister/monitor.go:114.49,116.40 2 1
github.com/selabhvl/cpnmbt/rwregister/monitor.go:119.2,119.32 1 1
github.com/selabhvl/cpnmbt/rwregister/monitor.go:122.2,122.15 1 1
github.com/selabhvl/cpnmbt/rwregister/monitor.go:116.40,118.3 1 1
github.com/selabhvl/cpnmbt/rwregister/monitor.go:119.32,121.3 1 1
github.com/selabhvl/cpnmbt/rwregister/register.pb.go:58.46,58.64 1 0
github.com/selabhvl/cpnmbt/rwregister/register.pb.go:59.46,59.48 0 0
github.com/selabhvl/cpnmbt/rwregister/register.pb.go:60.46,60.89 1 0
github.com/selabhvl/cpnmbt/rwregister/register.pb.go:62.37,63.14 1 1
github.com/selabhvl/cpnmbt/rwregister/register.pb.go:66.2,66.11 1 0
github.com/selabhvl/cpnmbt/rwregister/register.pb.go:63.14,65.3 1 1
github.com/selabhvl/cpnmbt/rwregister/register.pb.go:69.40,70.14 1 1
github.com/selabhvl/cpnmbt/rwregister/register.pb.go:73.2,73.10 1 0
github.com/selabhvl/cpnmbt/rwregister/register.pb.go:70.14,72.3 1 1
github.com/selabhvl/cpnmbt/rwregister/register.pb.go:80.44,80.60 1 1
github.com/selabhvl/cpnmbt/rwregister/register.pb.go:81.44,81.46 0 0
github.com/selabhvl/cpnmbt/rwregister/register.pb.go:82.44,82.87 1 0
github.com/selabhvl/cpnmbt/rwregister/register.pb.go:84.33,85.14 1 1
github.com/selabhvl/cpnmbt/rwregister/register.pb.go:88.2,88.12 1 0
github.com/selabhvl/cpnmbt/rwregister/register.pb.go:85.14,87.3 1 1
github.com/selabhvl/cpnmbt/rwregister/register.pb.go:96.52,96.76 1 1
github.com/selabhvl/cpnmbt/rwregister/register.pb.go:97.52,97.54 0 0
github.com/selabhvl/cpnmbt/rwregister/register.pb.go:98.52,98.95 1 0
github.com/selabhvl/cpnmbt/rwregister/register.pb.go:100.39,101.14 1 1
github.com/selabhvl/cpnmbt/rwregister/register.pb.go:104.2,104.14 1 1
github.com/selabhvl/cpnmbt/rwregister/register.pb.go:101.14,103.3 1 1
github.com/selabhvl/cpnmbt/rwregister/register.pb.go:110.50,110.72 1 1
github.com/selabhvl/cpnmbt/rwregister/register.pb.go:111.50,111.52 0 0
github.com/selabhvl/cpnmbt/rwregister/register.pb.go:112.50,112.93 1 0
github.com/selabhvl/cpnmbt/rwregister/register.pb.go:114.13,119.2 4 1
github.com/selabhvl/cpnmbt/rwregister/register.pb.go:145.85,147.2 1 1
github.com/selabhvl/cpnmbt/rwregister/register.pb.go:150.92,152.22 2 1
github.com/selabhvl/cpnmbt/rwregister/register.pb.go:174.2,176.28 3 1
github.com/selabhvl/cpnmbt/rwregister/register.pb.go:180.2,186.6 2 1
github.com/selabhvl/cpnmbt/rwregister/register.pb.go:152.22,157.41 4 1
github.com/selabhvl/cpnmbt/rwregister/register.pb.go:160.3,163.16 3 1
github.com/selabhvl/cpnmbt/rwregister/register.pb.go:157.41,159.4 1 1
github.com/selabhvl/cpnmbt/rwregister/register.pb.go:163.16,168.18 2 1
github.com/selabhvl/cpnmbt/rwregister/register.pb.go:168.18,170.5 1 1
github.com/selabhvl/cpnmbt/rwregister/register.pb.go:176.28,178.3 1 1
github.com/selabhvl/cpnmbt/rwregister/register.pb.go:186.6,187.10 1 1
github.com/selabhvl/cpnmbt/rwregister/register.pb.go:204.3,204.44 1 1
github.com/selabhvl/cpnmbt/rwregister/register.pb.go:188.25,189.20 1 1
github.com/selabhvl/cpnmbt/rwregister/register.pb.go:193.4,193.24 1 1
github.com/selabhvl/cpnmbt/rwregister/register.pb.go:196.4,197.58 2 1
github.com/selabhvl/cpnmbt/rwregister/register.pb.go:200.21,201.79 1 0
github.com/selabhvl/cpnmbt/rwregister/register.pb.go:189.20,191.10 2 1
github.com/selabhvl/cpnmbt/rwregister/register.pb.go:193.24,195.5 1 1
github.com/selabhvl/cpnmbt/rwregister/register.pb.go:197.58,199.5 1 1
github.com/selabhvl/cpnmbt/rwregister/register.pb.go:204.44,206.4 1 1
github.com/selabhvl/cpnmbt/rwregister/register.pb.go:210.102,221.64 5 1
github.com/selabhvl/cpnmbt/rwregister/register.pb.go:226.2,226.49 1 1
github.com/selabhvl/cpnmbt/rwregister/register.pb.go:221.64,223.3 1 1
github.com/selabhvl/cpnmbt/rwregister/register.pb.go:223.3,225.3 1 1
github.com/selabhvl/cpnmbt/rwregister/register.pb.go:233.88,235.2 1 1
github.com/selabhvl/cpnmbt/rwregister/register.pb.go:238.95,240.22 2 1
github.com/selabhvl/cpnmbt/rwregister/register.pb.go:262.2,264.28 3 1
github.com/selabhvl/cpnmbt/rwregister/register.pb.go:268.2,274.6 2 1
github.com/selabhvl/cpnmbt/rwregister/register.pb.go:240.22,245.41 4 1
github.com/selabhvl/cpnmbt/rwregister/register.pb.go:248.3,251.16 3 1
github.com/selabhvl/cpnmbt/rwregister/register.pb.go:245.41,247.4 1 1
github.com/selabhvl/cpnmbt/rwregister/register.pb.go:251.16,256.18 2 1
github.com/selabhvl/cpnmbt/rwregister/register.pb.go:256.18,258.5 1 1
github.com/selabhvl/cpnmbt/rwregister/register.pb.go:264.28,266.3 1 1
github.com/selabhvl/cpnmbt/rwregister/register.pb.go:274.6,275.10 1 1
github.com/selabhvl/cpnmbt/rwregister/register.pb.go:292.3,292.44 1 1
github.com/selabhvl/cpnmbt/rwregister/register.pb.go:276.25,277.20 1 1
github.com/selabhvl/cpnmbt/rwregister/register.pb.go:281.4,281.24 1 1
github.com/selabhvl/cpnmbt/rwregister/register.pb.go:284.4,285.59 2 1
github.com/selabhvl/cpnmbt/rwregister/register.pb.go:288.21,289.79 1 0
github.com/selabhvl/cpnmbt/rwregister/register.pb.go:277.20,279.10 2 1
github.com/selabhvl/cpnmbt/rwregister/register.pb.go:281.24,283.5 1 1
github.com/selabhvl/cpnmbt/rwregister/register.pb.go:285.59,287.5 1 1
github.com/selabhvl/cpnmbt/rwregister/register.pb.go:292.44,294.4 1 1
github.com/selabhvl/cpnmbt/rwregister/register.pb.go:298.105,309.64 5 1
github.com/selabhvl/cpnmbt/rwregister/register.pb.go:314.2,314.57 1 1
github.com/selabhvl/cpnmbt/rwregister/register.pb.go:309.64,311.3 1 1
github.com/selabhvl/cpnmbt/rwregister/register.pb.go:311.3,313.3 1 1
github.com/selabhvl/cpnmbt/rwregister/register.pb.go:335.55,338.16 3 1
github.com/selabhvl/cpnmbt/rwregister/register.pb.go:342.2,344.12 2 1
github.com/selabhvl/cpnmbt/rwregister/register.pb.go:338.16,340.3 1 1
github.com/selabhvl/cpnmbt/rwregister/register.pb.go:347.30,349.39 1 1
github.com/selabhvl/cpnmbt/rwregister/register.pb.go:355.2,355.12 1 1
github.com/selabhvl/cpnmbt/rwregister/register.pb.go:349.39,350.22 1 0
github.com/selabhvl/cpnmbt/rwregister/register.pb.go:353.3,353.59 1 0
github.com/selabhvl/cpnmbt/rwregister/register.pb.go:350.22,352.4 1 0
github.com/selabhvl/cpnmbt/rwregister/register.pb.go:386.37,388.2 1 0
github.com/selabhvl/cpnmbt/rwregister/register.pb.go:393.44,395.31 2 0
github.com/selabhvl/cpnmbt/rwregister/register.pb.go:398.2,398.12 1 0
github.com/selabhvl/cpnmbt/rwregister/register.pb.go:395.31,397.3 1 0
github.com/selabhvl/cpnmbt/rwregister/register.pb.go:403.41,405.2 1 0
github.com/selabhvl/cpnmbt/rwregister/register.pb.go:408.36,410.2 1 0
github.com/selabhvl/cpnmbt/rwregister/register.pb.go:412.41,414.2 1 0
github.com/selabhvl/cpnmbt/rwregister/register.pb.go:416.42,418.2 1 1
github.com/selabhvl/cpnmbt/rwregister/register.pb.go:422.38,422.61 1 0
github.com/selabhvl/cpnmbt/rwregister/register.pb.go:429.43,431.2 1 0
github.com/selabhvl/cpnmbt/rwregister/register.pb.go:437.45,439.2 1 0
github.com/selabhvl/cpnmbt/rwregister/register.pb.go:445.44,447.2 1 0
github.com/selabhvl/cpnmbt/rwregister/register.pb.go:451.44,453.2 1 1
github.com/selabhvl/cpnmbt/rwregister/register.pb.go:461.41,466.2 1 0
github.com/selabhvl/cpnmbt/rwregister/register.pb.go:492.78,493.25 1 1
github.com/selabhvl/cpnmbt/rwregister/register.pb.go:497.2,502.27 2 1
github.com/selabhvl/cpnmbt/rwregister/register.pb.go:506.2,506.34 1 1
github.com/selabhvl/cpnmbt/rwregister/register.pb.go:515.2,515.18 1 1
github.com/selabhvl/cpnmbt/rwregister/register.pb.go:520.2,521.16 2 1
github.com/selabhvl/cpnmbt/rwregister/register.pb.go:525.2,525.26 1 1
github.com/selabhvl/cpnmbt/rwregister/register.pb.go:529.2,529.23 1 1
github.com/selabhvl/cpnmbt/rwregister/register.pb.go:533.2,533.15 1 1
github.com/selabhvl/cpnmbt/rwregister/register.pb.go:493.25,495.3 1 0
github.com/selabhvl/cpnmbt/rwregister/register.pb.go:502.27,504.3 1 1
github.com/selabhvl/cpnmbt/rwregister/register.pb.go:506.34,508.18 2 1
github.com/selabhvl/cpnmbt/rwregister/register.pb.go:511.3,512.34 2 1
github.com/selabhvl/cpnmbt/rwregister/register.pb.go:508.18,510.4 1 0
github.com/selabhvl/cpnmbt/rwregister/register.pb.go:515.18,518.3 2 1
github.com/selabhvl/cpnmbt/rwregister/register.pb.go:521.16,523.3 1 1
github.com/selabhvl/cpnmbt/rwregister/register.pb.go:525.26,527.3 1 0
github.com/selabhvl/cpnmbt/rwregister/register.pb.go:529.23,531.3 1 1
github.com/selabhvl/cpnmbt/rwregister/register.pb.go:536.58,541.16 4 1
github.com/selabhvl/cpnmbt/rwregister/register.pb.go:545.2,549.37 4 1
github.com/selabhvl/cpnmbt/rwregister/register.pb.go:553.2,560.18 2 1
github.com/selabhvl/cpnmbt/rwregister/register.pb.go:541.16,543.3 1 0
github.com/selabhvl/cpnmbt/rwregister/register.pb.go:549.37,551.3 1 0
github.com/selabhvl/cpnmbt/rwregister/register.pb.go:563.38,564.22 1 1
github.com/selabhvl/cpnmbt/rwregister/register.pb.go:568.2,568.23 1 1
github.com/selabhvl/cpnmbt/rwregister/register.pb.go:572.2,572.31 1 1
github.com/selabhvl/cpnmbt/rwregister/register.pb.go:581.2,581.12 1 1
github.com/selabhvl/cpnmbt/rwregister/register.pb.go:564.22,566.3 1 0
github.com/selabhvl/cpnmbt/rwregister/register.pb.go:568.23,570.3 1 1
github.com/selabhvl/cpnmbt/rwregister/register.pb.go:572.31,574.17 2 1
github.com/selabhvl/cpnmbt/rwregister/register.pb.go:574.17,575.25 1 1
github.com/selabhvl/cpnmbt/rwregister/register.pb.go:578.4,578.66 1 1
github.com/selabhvl/cpnmbt/rwregister/register.pb.go:575.25,577.5 1 1
github.com/selabhvl/cpnmbt/rwregister/register.pb.go:584.36,585.31 1 1
github.com/selabhvl/cpnmbt/rwregister/register.pb.go:585.31,587.17 2 1
github.com/selabhvl/cpnmbt/rwregister/register.pb.go:590.3,590.22 1 0
github.com/selabhvl/cpnmbt/rwregister/register.pb.go:587.17,588.12 1 1
github.com/selabhvl/cpnmbt/rwregister/register.pb.go:590.22,592.4 1 0
github.com/selabhvl/cpnmbt/rwregister/register.pb.go:597.27,598.24 1 1
github.com/selabhvl/cpnmbt/rwregister/register.pb.go:598.24,599.24 1 1
github.com/selabhvl/cpnmbt/rwregister/register.pb.go:602.3,602.21 1 1
github.com/selabhvl/cpnmbt/rwregister/register.pb.go:599.24,601.4 1 1
github.com/selabhvl/cpnmbt/rwregister/register.pb.go:608.38,612.31 4 1
github.com/selabhvl/cpnmbt/rwregister/register.pb.go:615.2,615.12 1 1
github.com/selabhvl/cpnmbt/rwregister/register.pb.go:612.31,614.3 1 1
github.com/selabhvl/cpnmbt/rwregister/register.pb.go:619.60,624.2 4 0
github.com/selabhvl/cpnmbt/rwregister/register.pb.go:628.35,632.2 3 0
github.com/selabhvl/cpnmbt/rwregister/register.pb.go:636.47,640.28 4 0
github.com/selabhvl/cpnmbt/rwregister/register.pb.go:643.2,643.12 1 0
github.com/selabhvl/cpnmbt/rwregister/register.pb.go:640.28,642.3 1 0
github.com/selabhvl/cpnmbt/rwregister/register.pb.go:648.80,653.2 4 0
github.com/selabhvl/cpnmbt/rwregister/register.pb.go:656.53,660.33 4 0
github.com/selabhvl/cpnmbt/rwregister/register.pb.go:663.2,663.16 1 0
github.com/selabhvl/cpnmbt/rwregister/register.pb.go:660.33,662.3 1 0
github.com/selabhvl/cpnmbt/rwregister/register.pb.go:667.47,671.2 3 0
github.com/selabhvl/cpnmbt/rwregister/register.pb.go:675.46,676.26 1 0
github.com/selabhvl/cpnmbt/rwregister/register.pb.go:681.92,685.19 3 1
github.com/selabhvl/cpnmbt/rwregister/register.pb.go:689.2,692.26 4 1
github.com/selabhvl/cpnmbt/rwregister/register.pb.go:708.2,711.29 3 1
github.com/selabhvl/cpnmbt/rwregister/register.pb.go:714.2,717.11 3 1
github.com/selabhvl/cpnmbt/rwregister/register.pb.go:721.2,730.15 3 1
github.com/selabhvl/cpnmbt/rwregister/register.pb.go:685.19,687.3 1 0
github.com/selabhvl/cpnmbt/rwregister/register.pb.go:692.26,694.45 1 1
github.com/selabhvl/cpnmbt/rwregister/register.pb.go:697.3,701.13 4 1
github.com/selabhvl/cpnmbt/rwregister/register.pb.go:704.3,704.32 1 1
github.com/selabhvl/cpnmbt/rwregister/register.pb.go:694.45,695.12 1 0
github.com/selabhvl/cpnmbt/rwregister/register.pb.go:701.13,703.4 1 0
github.com/selabhvl/cpnmbt/rwregister/register.pb.go:711.29,713.3 1 1
github.com/selabhvl/cpnmbt/rwregister/register.pb.go:717.11,719.3 1 0
github.com/selabhvl/cpnmbt/rwregister/register.pb.go:735.38,735.55 1 1
github.com/selabhvl/cpnmbt/rwregister/register.pb.go:736.38,736.60 1 1
github.com/selabhvl/cpnmbt/rwregister/register.pb.go:737.38,737.65 1 1
github.com/selabhvl/cpnmbt/rwregister/register.pb.go:742.28,744.2 1 1
github.com/selabhvl/cpnmbt/rwregister/register.pb.go:747.33,749.2 1 0
github.com/selabhvl/cpnmbt/rwregister/register.pb.go:751.32,758.2 3 0
github.com/selabhvl/cpnmbt/rwregister/register.pb.go:760.38,764.2 3 1
github.com/selabhvl/cpnmbt/rwregister/register.pb.go:768.32,772.2 3 0
github.com/selabhvl/cpnmbt/rwregister/register.pb.go:774.46,778.2 3 1
github.com/selabhvl/cpnmbt/rwregister/register.pb.go:782.40,786.2 3 0
github.com/selabhvl/cpnmbt/rwregister/register.pb.go:798.44,801.2 2 0
github.com/selabhvl/cpnmbt/rwregister/register.pb.go:805.47,809.2 1 0
github.com/selabhvl/cpnmbt/rwregister/register.pb.go:812.34,814.2 1 0
github.com/selabhvl/cpnmbt/rwregister/register.pb.go:817.39,819.2 1 0
github.com/selabhvl/cpnmbt/rwregister/register.pb.go:826.44,830.37 3 0
github.com/selabhvl/cpnmbt/rwregister/register.pb.go:844.2,844.25 1 0
github.com/selabhvl/cpnmbt/rwregister/register.pb.go:830.37,832.10 2 0
github.com/selabhvl/cpnmbt/rwregister/register.pb.go:833.19,835.15 1 0
github.com/selabhvl/cpnmbt/rwregister/register.pb.go:836.19,838.16 1 0
github.com/selabhvl/cpnmbt/rwregister/register.pb.go:848.34,850.2 1 0
github.com/selabhvl/cpnmbt/rwregister/register.pb.go:854.39,855.20 1 0
github.com/selabhvl/cpnmbt/rwregister/register.pb.go:858.2,858.32 1 0
github.com/selabhvl/cpnmbt/rwregister/register.pb.go:855.20,857.3 1 0
github.com/selabhvl/cpnmbt/rwregister/register.pb.go:864.37,865.44 1 0
github.com/selabhvl/cpnmbt/rwregister/register.pb.go:868.2,868.13 1 0
github.com/selabhvl/cpnmbt/rwregister/register.pb.go:865.44,867.3 1 0
github.com/selabhvl/cpnmbt/rwregister/register.pb.go:886.65,887.33 1 1
github.com/selabhvl/cpnmbt/rwregister/register.pb.go:887.33,889.3 1 1
github.com/selabhvl/cpnmbt/rwregister/register.pb.go:894.51,895.33 1 0
github.com/selabhvl/cpnmbt/rwregister/register.pb.go:895.33,897.3 1 0
github.com/selabhvl/cpnmbt/rwregister/register.pb.go:902.36,903.33 1 0
github.com/selabhvl/cpnmbt/rwregister/register.pb.go:903.33,905.3 1 0
github.com/selabhvl/cpnmbt/rwregister/register.pb.go:911.34,912.33 1 1
github.com/selabhvl/cpnmbt/rwregister/register.pb.go:912.33,914.3 1 1
github.com/selabhvl/cpnmbt/rwregister/register.pb.go:929.37,933.21 4 0
github.com/selabhvl/cpnmbt/rwregister/register.pb.go:938.2,938.22 1 0
github.com/selabhvl/cpnmbt/rwregister/register.pb.go:933.21,935.3 1 0
github.com/selabhvl/cpnmbt/rwregister/register.pb.go:935.3,937.3 1 0
github.com/selabhvl/cpnmbt/rwregister/register.pb.go:947.34,948.12 1 0
github.com/selabhvl/cpnmbt/rwregister/register.pb.go:951.2,951.53 1 0
github.com/selabhvl/cpnmbt/rwregister/register.pb.go:948.12,950.3 1 0
github.com/selabhvl/cpnmbt/rwregister/register.pb.go:960.35,965.18 5 0
github.com/selabhvl/cpnmbt/rwregister/register.pb.go:968.2,968.21 1 0
github.com/selabhvl/cpnmbt/rwregister/register.pb.go:965.18,967.3 1 0
github.com/selabhvl/cpnmbt/rwregister/register.pb.go:973.58,974.24 1 0
github.com/selabhvl/cpnmbt/rwregister/register.pb.go:979.2,979.23 1 0
github.com/selabhvl/cpnmbt/rwregister/register.pb.go:974.24,975.13 1 0
github.com/selabhvl/cpnmbt/rwregister/register.pb.go:975.13,977.4 1 0
github.com/selabhvl/cpnmbt/rwregister/register.pb.go:1001.60,1003.2 1 1
github.com/selabhvl/cpnmbt/rwregister/register.pb.go:1005.110,1008.16 3 0
github.com/selabhvl/cpnmbt/rwregister/register.pb.go:1011.2,1011.17 1 0
github.com/selabhvl/cpnmbt/rwregister/register.pb.go:1008.16,1010.3 1 0
github.com/selabhvl/cpnmbt/rwregister/register.pb.go:1014.113,1017.16 3 0
github.com/selabhvl/cpnmbt/rwregister/register.pb.go:1020.2,1020.17 1 0
github.com/selabhvl/cpnmbt/rwregister/register.pb.go:1017.16,1019.3 1 0
github.com/selabhvl/cpnmbt/rwregister/register.pb.go:1030.65,1032.2 1 1
github.com/selabhvl/cpnmbt/rwregister/register.pb.go:1034.158,1036.32 2 1
github.com/selabhvl/cpnmbt/rwregister/register.pb.go:1039.2,1039.24 1 1
github.com/selabhvl/cpnmbt/rwregister/register.pb.go:1042.2,1046.77 2 0
github.com/selabhvl/cpnmbt/rwregister/register.pb.go:1049.2,1049.44 1 0
github.com/selabhvl/cpnmbt/rwregister/register.pb.go:1036.32,1038.3 1 0
github.com/selabhvl/cpnmbt/rwregister/register.pb.go:1039.24,1041.3 1 1
github.com/selabhvl/cpnmbt/rwregister/register.pb.go:1046.77,1048.3 1 0
github.com/selabhvl/cpnmbt/rwregister/register.pb.go:1052.159,1054.32 2 1
github.com/selabhvl/cpnmbt/rwregister/register.pb.go:1057.2,1057.24 1 1
github.com/selabhvl/cpnmbt/rwregister/register.pb.go:1060.2,1064.77 2 0
github.com/selabhvl/cpnmbt/rwregister/register.pb.go:1067.2,1067.44 1 0
github.com/selabhvl/cpnmbt/rwregister/register.pb.go:1054.32,1056.3 1 0
github.com/selabhvl/cpnmbt/rwregister/register.pb.go:1057.24,1059.3 1 1
github.com/selabhvl/cpnmbt/rwregister/register.pb.go:1064.77,1066.3 1 0
github.com/selabhvl/cpnmbt/rwregister/register.pb.go:1087.54,1091.16 4 0
github.com/selabhvl/cpnmbt/rwregister/register.pb.go:1094.2,1094.22 1 0
github.com/selabhvl/cpnmbt/rwregister/register.pb.go:1091.16,1093.3 1 0
github.com/selabhvl/cpnmbt/rwregister/register.pb.go:1097.55,1102.22 5 1
github.com/selabhvl/cpnmbt/rwregister/register.pb.go:1108.2,1108.22 1 1
github.com/selabhvl/cpnmbt/rwregister/register.pb.go:1113.2,1113.15 1 1
github.com/selabhvl/cpnmbt/rwregister/register.pb.go:1102.22,1107.3 4 1
github.com/selabhvl/cpnmbt/rwregister/register.pb.go:1108.22,1112.3 3 1
github.com/selabhvl/cpnmbt/rwregister/register.pb.go:1116.52,1120.16 4 1
github.com/selabhvl/cpnmbt/rwregister/register.pb.go:1123.2,1123.22 1 1
github.com/selabhvl/cpnmbt/rwregister/register.pb.go:1120.16,1122.3 1 0
github.com/selabhvl/cpnmbt/rwregister/register.pb.go:1126.53,1131.16 5 1
github.com/selabhvl/cpnmbt/rwregister/register.pb.go:1141.2,1141.15 1 1
github.com/selabhvl/cpnmbt/rwregister/register.pb.go:1131.16,1136.17 5 1
github.com/selabhvl/cpnmbt/rwregister/register.pb.go:1139.3,1139.10 1 1
github.com/selabhvl/cpnmbt/rwregister/register.pb.go:1136.17,1138.4 1 0
github.com/selabhvl/cpnmbt/rwregister/register.pb.go:1144.60,1148.16 4 1
github.com/selabhvl/cpnmbt/rwregister/register.pb.go:1151.2,1151.22 1 1
github.com/selabhvl/cpnmbt/rwregister/register.pb.go:1148.16,1150.3 1 0
github.com/selabhvl/cpnmbt/rwregister/register.pb.go:1154.61,1159.11 5 1
github.com/selabhvl/cpnmbt/rwregister/register.pb.go:1169.2,1169.15 1 1
github.com/selabhvl/cpnmbt/rwregister/register.pb.go:1159.11,1162.12 3 1
github.com/selabhvl/cpnmbt/rwregister/register.pb.go:1167.3,1167.6 1 1
github.com/selabhvl/cpnmbt/rwregister/register.pb.go:1162.12,1164.4 1 1
github.com/selabhvl/cpnmbt/rwregister/register.pb.go:1164.4,1166.4 1 0
github.com/selabhvl/cpnmbt/rwregister/register.pb.go:1172.58,1176.16 4 1
github.com/selabhvl/cpnmbt/rwregister/register.pb.go:1179.2,1179.22 1 1
github.com/selabhvl/cpnmbt/rwregister/register.pb.go:1176.16,1178.3 1 0
github.com/selabhvl/cpnmbt/rwregister/register.pb.go:1182.59,1188.2 5 1
github.com/selabhvl/cpnmbt/rwregister/register.pb.go:1190.67,1200.2 9 0
github.com/selabhvl/cpnmbt/rwregister/register.pb.go:1201.67,1207.2 5 0
github.com/selabhvl/cpnmbt/rwregister/register.pb.go:1208.66,1209.16 1 1
github.com/selabhvl/cpnmbt/rwregister/register.pb.go:1214.2,1215.19 2 1
github.com/selabhvl/cpnmbt/rwregister/register.pb.go:1209.16,1213.3 3 1
github.com/selabhvl/cpnmbt/rwregister/register.pb.go:1217.34,1221.11 4 1
github.com/selabhvl/cpnmbt/rwregister/register.pb.go:1224.2,1224.22 1 1
github.com/selabhvl/cpnmbt/rwregister/register.pb.go:1227.2,1227.10 1 1
github.com/selabhvl/cpnmbt/rwregister/register.pb.go:1221.11,1223.3 1 1
github.com/selabhvl/cpnmbt/rwregister/register.pb.go:1224.22,1226.3 1 1
github.com/selabhvl/cpnmbt/rwregister/register.pb.go:1230.32,1233.16 3 1
github.com/selabhvl/cpnmbt/rwregister/register.pb.go:1237.2,1237.10 1 1
github.com/selabhvl/cpnmbt/rwregister/register.pb.go:1233.16,1236.3 2 1
github.com/selabhvl/cpnmbt/rwregister/register.pb.go:1240.40,1243.11 3 1
github.com/selabhvl/cpnmbt/rwregister/register.pb.go:1246.2,1246.10 1 1
github.com/selabhvl/cpnmbt/rwregister/register.pb.go:1243.11,1245.3 1 1
github.com/selabhvl/cpnmbt/rwregister/register.pb.go:1249.38,1253.2 3 1
github.com/selabhvl/cpnmbt/rwregister/register.pb.go:1255.36,1256.6 1 1
github.com/selabhvl/cpnmbt/rwregister/register.pb.go:1263.2,1263.10 1 1
github.com/selabhvl/cpnmbt/rwregister/register.pb.go:1256.6,1259.13 3 1
github.com/selabhvl/cpnmbt/rwregister/register.pb.go:1259.13,1260.9 1 1
github.com/selabhvl/cpnmbt/rwregister/register.pb.go:1265.36,1267.2 1 0
github.com/selabhvl/cpnmbt/rwregister/register.pb.go:1268.38,1269.17 1 1
github.com/selabhvl/cpnmbt/rwregister/register.pb.go:1272.2,1277.10 2 1
github.com/selabhvl/cpnmbt/rwregister/register.pb.go:1269.17,1271.3 1 0
github.com/selabhvl/cpnmbt/rwregister/register.pb.go:1279.36,1280.17 1 1
github.com/selabhvl/cpnmbt/rwregister/register.pb.go:1283.2,1287.10 2 1
github.com/selabhvl/cpnmbt/rwregister/register.pb.go:1280.17,1282.3 1 1
github.com/selabhvl/cpnmbt/rwregister/register.pb.go:1289.44,1290.17 1 1
github.com/selabhvl/cpnmbt/rwregister/register.pb.go:1293.2,1297.10 2 1
github.com/selabhvl/cpnmbt/rwregister/register.pb.go:1290.17,1292.3 1 1
github.com/selabhvl/cpnmbt/rwregister/register.pb.go:1299.42,1300.17 1 0
github.com/selabhvl/cpnmbt/rwregister/register.pb.go:1303.2,1306.10 2 0
github.com/selabhvl/cpnmbt/rwregister/register.pb.go:1300.17,1302.3 1 0
github.com/selabhvl/cpnmbt/rwregister/register.pb.go:1308.50,1310.16 2 0
github.com/selabhvl/cpnmbt/rwregister/register.pb.go:1313.2,1314.31 2 0
github.com/selabhvl/cpnmbt/rwregister/register.pb.go:1310.16,1312.3 1 0
github.com/selabhvl/cpnmbt/rwregister/register.pb.go:1316.48,1319.16 3 1
github.com/selabhvl/cpnmbt/rwregister/register.pb.go:1409.2,1409.15 1 1
github.com/selabhvl/cpnmbt/rwregister/register.pb.go:1412.2,1412.12 1 1
github.com/selabhvl/cpnmbt/rwregister/register.pb.go:1319.16,1322.38 3 1
github.com/selabhvl/cpnmbt/rwregister/register.pb.go:1336.3,1338.20 3 1
github.com/selabhvl/cpnmbt/rwregister/register.pb.go:1341.3,1341.20 1 1
github.com/selabhvl/cpnmbt/rwregister/register.pb.go:1344.3,1344.19 1 1
github.com/selabhvl/cpnmbt/rwregister/register.pb.go:1322.38,1323.19 1 1
github.com/selabhvl/cpnmbt/rwregister/register.pb.go:1326.4,1326.18 1 1
github.com/selabhvl/cpnmbt/rwregister/register.pb.go:1329.4,1332.16 4 1
github.com/selabhvl/cpnmbt/rwregister/register.pb.go:1323.19,1325.5 1 0
github.com/selabhvl/cpnmbt/rwregister/register.pb.go:1326.18,1328.5 1 0
github.com/selabhvl/cpnmbt/rwregister/register.pb.go:1332.16,1333.10 1 1
github.com/selabhvl/cpnmbt/rwregister/register.pb.go:1338.20,1340.4 1 0
github.com/selabhvl/cpnmbt/rwregister/register.pb.go:1341.20,1343.4 1 0
github.com/selabhvl/cpnmbt/rwregister/register.pb.go:1345.10,1346.21 1 1
github.com/selabhvl/cpnmbt/rwregister/register.pb.go:1349.4,1350.39 2 1
github.com/selabhvl/cpnmbt/rwregister/register.pb.go:1364.4,1365.24 2 1
github.com/selabhvl/cpnmbt/rwregister/register.pb.go:1368.4,1369.21 2 1
github.com/selabhvl/cpnmbt/rwregister/register.pb.go:1372.4,1373.21 2 1
github.com/selabhvl/cpnmbt/rwregister/register.pb.go:1374.10,1375.21 1 1
github.com/selabhvl/cpnmbt/rwregister/register.pb.go:1378.4,1379.39 2 1
github.com/selabhvl/cpnmbt/rwregister/register.pb.go:1393.11,1396.18 3 0
github.com/selabhvl/cpnmbt/rwregister/register.pb.go:1399.4,1399.18 1 0
github.com/selabhvl/cpnmbt/rwregister/register.pb.go:1402.4,1402.28 1 0
github.com/selabhvl/cpnmbt/rwregister/register.pb.go:1405.4,1405.19 1 0
github.com/selabhvl/cpnmbt/rwregister/register.pb.go:1346.21,1348.5 1 0
github.com/selabhvl/cpnmbt/rwregister/register.pb.go:1350.39,1351.20 1 1
github.com/selabhvl/cpnmbt/rwregister/register.pb.go:1354.5,1354.19 1 1
github.com/selabhvl/cpnmbt/rwregister/register.pb.go:1357.5,1360.17 4 1
github.com/selabhvl/cpnmbt/rwregister/register.pb.go:1351.20,1353.6 1 0
github.com/selabhvl/cpnmbt/rwregister/register.pb.go:1354.19,1356.6 1 0
github.com/selabhvl/cpnmbt/rwregister/register.pb.go:1360.17,1361.11 1 1
github.com/selabhvl/cpnmbt/rwregister/register.pb.go:1365.24,1367.5 1 0
github.com/selabhvl/cpnmbt/rwregister/register.pb.go:1369.21,1371.5 1 0
github.com/selabhvl/cpnmbt/rwregister/register.pb.go:1375.21,1377.5 1 0
github.com/selabhvl/cpnmbt/rwregister/register.pb.go:1379.39,1380.20 1 1
github.com/selabhvl/cpnmbt/rwregister/register.pb.go:1383.5,1383.19 1 1
github.com/selabhvl/cpnmbt/rwregister/register.pb.go:1386.5,1389.17 4 1
github.com/selabhvl/cpnmbt/rwregister/register.pb.go:1380.20,1382.6 1 0
github.com/selabhvl/cpnmbt/rwregister/register.pb.go:1383.19,1385.6 1 0
github.com/selabhvl/cpnmbt/rwregister/register.pb.go:1389.17,1390.11 1 1
github.com/selabhvl/cpnmbt/rwregister/register.pb.go:1396.18,1398.5 1 0
github.com/selabhvl/cpnmbt/rwregister/register.pb.go:1399.18,1401.5 1 0
github.com/selabhvl/cpnmbt/rwregister/register.pb.go:1402.28,1404.5 1 0
github.com/selabhvl/cpnmbt/rwregister/register.pb.go:1409.15,1411.3 1 0
github.com/selabhvl/cpnmbt/rwregister/register.pb.go:1414.46,1417.16 3 1
github.com/selabhvl/cpnmbt/rwregister/register.pb.go:1492.2,1492.15 1 1
github.com/selabhvl/cpnmbt/rwregister/register.pb.go:1495.2,1495.12 1 1
github.com/selabhvl/cpnmbt/rwregister/register.pb.go:1417.16,1420.38 3 1
github.com/selabhvl/cpnmbt/rwregister/register.pb.go:1434.3,1436.20 3 1
github.com/selabhvl/cpnmbt/rwregister/register.pb.go:1439.3,1439.20 1 1
github.com/selabhvl/cpnmbt/rwregister/register.pb.go:1442.3,1442.19 1 1
github.com/selabhvl/cpnmbt/rwregister/register.pb.go:1420.38,1421.19 1 1
github.com/selabhvl/cpnmbt/rwregister/register.pb.go:1424.4,1424.18 1 1
github.com/selabhvl/cpnmbt/rwregister/register.pb.go:1427.4,1430.16 4 1
github.com/selabhvl/cpnmbt/rwregister/register.pb.go:1421.19,1423.5 1 0
github.com/selabhvl/cpnmbt/rwregister/register.pb.go:1424.18,1426.5 1 0
github.com/selabhvl/cpnmbt/rwregister/register.pb.go:1430.16,1431.10 1 1
github.com/selabhvl/cpnmbt/rwregister/register.pb.go:1436.20,1438.4 1 0
github.com/selabhvl/cpnmbt/rwregister/register.pb.go:1439.20,1441.4 1 0
github.com/selabhvl/cpnmbt/rwregister/register.pb.go:1443.10,1444.21 1 1
github.com/selabhvl/cpnmbt/rwregister/register.pb.go:1447.4,1448.39 2 1
github.com/selabhvl/cpnmbt/rwregister/register.pb.go:1462.4,1462.18 1 1
github.com/selabhvl/cpnmbt/rwregister/register.pb.go:1465.4,1466.21 2 1
github.com/selabhvl/cpnmbt/rwregister/register.pb.go:1469.4,1469.18 1 1
github.com/selabhvl/cpnmbt/rwregister/register.pb.go:1472.4,1472.63 1 1
github.com/selabhvl/cpnmbt/rwregister/register.pb.go:1475.4,1475.21 1 1
github.com/selabhvl/cpnmbt/rwregister/register.pb.go:1476.11,1479.18 3 0
github.com/selabhvl/cpnmbt/rwregister/register.pb.go:1482.4,1482.18 1 0
github.com/selabhvl/cpnmbt/rwregister/register.pb.go:1485.4,1485.28 1 0
github.com/selabhvl/cpnmbt/rwregister/register.pb.go:1488.4,1488.19 1 0
github.com/selabhvl/cpnmbt/rwregister/register.pb.go:1444.21,1446.5 1 0
github.com/selabhvl/cpnmbt/rwregister/register.pb.go:1448.39,1449.20 1 1
github.com/selabhvl/cpnmbt/rwregister/register.pb.go:1452.5,1452.19 1 1
github.com/selabhvl/cpnmbt/rwregister/register.pb.go:1455.5,1458.17 4 1
github.com/selabhvl/cpnmbt/rwregister/register.pb.go:1449.20,1451.6 1 0
github.com/selabhvl/cpnmbt/rwregister/register.pb.go:1452.19,1454.6 1 0
github.com/selabhvl/cpnmbt/rwregister/register.pb.go:1458.17,1459.11 1 1
github.com/selabhvl/cpnmbt/rwregister/register.pb.go:1462.18,1464.5 1 0
github.com/selabhvl/cpnmbt/rwregister/register.pb.go:1466.21,1468.5 1 0
github.com/selabhvl/cpnmbt/rwregister/register.pb.go:1469.18,1471.5 1 1
github.com/selabhvl/cpnmbt/rwregister/register.pb.go:1472.63,1474.5 1 0
github.com/selabhvl/cpnmbt/rwregister/register.pb.go:1479.18,1481.5 1 0
github.com/selabhvl/cpnmbt/rwregister/register.pb.go:1482.18,1484.5 1 0
github.com/selabhvl/cpnmbt/rwregister/register.pb.go:1485.28,1487.5 1 0
github.com/selabhvl/cpnmbt/rwregister/register.pb.go:1492.15,1494.3 1 0
github.com/selabhvl/cpnmbt/rwregister/register.pb.go:1497.54,1500.16 3 1
github.com/selabhvl/cpnmbt/rwregister/register.pb.go:1562.2,1562.15 1 1
github.com/selabhvl/cpnmbt/rwregister/register.pb.go:1565.2,1565.12 1 1
github.com/selabhvl/cpnmbt/rwregister/register.pb.go:1500.16,1503.38 3 1
github.com/selabhvl/cpnmbt/rwregister/register.pb.go:1517.3,1519.20 3 1
github.com/selabhvl/cpnmbt/rwregister/register.pb.go:1522.3,1522.20 1 1
github.com/selabhvl/cpnmbt/rwregister/register.pb.go:1525.3,1525.19 1 1
github.com/selabhvl/cpnmbt/rwregister/register.pb.go:1503.38,1504.19 1 1
github.com/selabhvl/cpnmbt/rwregister/register.pb.go:1507.4,1507.18 1 1
github.com/selabhvl/cpnmbt/rwregister/register.pb.go:1510.4,1513.16 4 1
github.com/selabhvl/cpnmbt/rwregister/register.pb.go:1504.19,1506.5 1 0
github.com/selabhvl/cpnmbt/rwregister/register.pb.go:1507.18,1509.5 1 0
github.com/selabhvl/cpnmbt/rwregister/register.pb.go:1513.16,1514.10 1 1
github.com/selabhvl/cpnmbt/rwregister/register.pb.go:1519.20,1521.4 1 0
github.com/selabhvl/cpnmbt/rwregister/register.pb.go:1522.20,1524.4 1 0
github.com/selabhvl/cpnmbt/rwregister/register.pb.go:1526.10,1527.21 1 1
github.com/selabhvl/cpnmbt/rwregister/register.pb.go:1530.4,1531.39 2 1
github.com/selabhvl/cpnmbt/rwregister/register.pb.go:1545.4,1545.24 1 1
github.com/selabhvl/cpnmbt/rwregister/register.pb.go:1546.11,1549.18 3 0
github.com/selabhvl/cpnmbt/rwregister/register.pb.go:1552.4,1552.18 1 0
github.com/selabhvl/cpnmbt/rwregister/register.pb.go:1555.4,1555.28 1 0
github.com/selabhvl/cpnmbt/rwregister/register.pb.go:1558.4,1558.19 1 0
github.com/selabhvl/cpnmbt/rwregister/register.pb.go:1527.21,1529.5 1 0
github.com/selabhvl/cpnmbt/rwregister/register.pb.go:1531.39,1532.20 1 1
github.com/selabhvl/cpnmbt/rwregister/register.pb.go:1535.5,1535.19 1 1
github.com/selabhvl/cpnmbt/rwregister/register.pb.go:1538.5,1541.17 4 1
github.com/selabhvl/cpnmbt/rwregister/register.pb.go:1532.20,1534.6 1 0
github.com/selabhvl/cpnmbt/rwregister/register.pb.go:1535.19,1537.6 1 0
github.com/selabhvl/cpnmbt/rwregister/register.pb.go:1541.17,1542.11 1 1
github.com/selabhvl/cpnmbt/rwregister/register.pb.go:1549.18,1551.5 1 0
github.com/selabhvl/cpnmbt/rwregister/register.pb.go:1552.18,1554.5 1 0
github.com/selabhvl/cpnmbt/rwregister/register.pb.go:1555.28,1557.5 1 0
github.com/selabhvl/cpnmbt/rwregister/register.pb.go:1562.15,1564.3 1 0
github.com/selabhvl/cpnmbt/rwregister/register.pb.go:1567.52,1570.16 3 1
github.com/selabhvl/cpnmbt/rwregister/register.pb.go:1612.2,1612.15 1 1
github.com/selabhvl/cpnmbt/rwregister/register.pb.go:1615.2,1615.12 1 1
github.com/selabhvl/cpnmbt/rwregister/register.pb.go:1570.16,1573.38 3 0
github.com/selabhvl/cpnmbt/rwregister/register.pb.go:1587.3,1589.20 3 0
github.com/selabhvl/cpnmbt/rwregister/register.pb.go:1592.3,1592.20 1 0
github.com/selabhvl/cpnmbt/rwregister/register.pb.go:1595.3,1595.19 1 0
github.com/selabhvl/cpnmbt/rwregister/register.pb.go:1573.38,1574.19 1 0
github.com/selabhvl/cpnmbt/rwregister/register.pb.go:1577.4,1577.18 1 0
github.com/selabhvl/cpnmbt/rwregister/register.pb.go:1580.4,1583.16 4 0
github.com/selabhvl/cpnmbt/rwregister/register.pb.go:1574.19,1576.5 1 0
github.com/selabhvl/cpnmbt/rwregister/register.pb.go:1577.18,1579.5 1 0
github.com/selabhvl/cpnmbt/rwregister/register.pb.go:1583.16,1584.10 1 0
github.com/selabhvl/cpnmbt/rwregister/register.pb.go:1589.20,1591.4 1 0
github.com/selabhvl/cpnmbt/rwregister/register.pb.go:1592.20,1594.4 1 0
github.com/selabhvl/cpnmbt/rwregister/register.pb.go:1596.11,1599.18 3 0
github.com/selabhvl/cpnmbt/rwregister/register.pb.go:1602.4,1602.18 1 0
github.com/selabhvl/cpnmbt/rwregister/register.pb.go:1605.4,1605.28 1 0
github.com/selabhvl/cpnmbt/rwregister/register.pb.go:1608.4,1608.19 1 0
github.com/selabhvl/cpnmbt/rwregister/register.pb.go:1599.18,1601.5 1 0
github.com/selabhvl/cpnmbt/rwregister/register.pb.go:1602.18,1604.5 1 0
github.com/selabhvl/cpnmbt/rwregister/register.pb.go:1605.28,1607.5 1 0
github.com/selabhvl/cpnmbt/rwregister/register.pb.go:1612.15,1614.3 1 0
github.com/selabhvl/cpnmbt/rwregister/register.pb.go:1617.51,1620.16 3 0
github.com/selabhvl/cpnmbt/rwregister/register.pb.go:1714.2,1714.22 1 0
github.com/selabhvl/cpnmbt/rwregister/register.pb.go:1620.16,1622.38 2 0
github.com/selabhvl/cpnmbt/rwregister/register.pb.go:1636.3,1637.19 2 0
github.com/selabhvl/cpnmbt/rwregister/register.pb.go:1622.38,1623.19 1 0
github.com/selabhvl/cpnmbt/rwregister/register.pb.go:1626.4,1626.18 1 0
github.com/selabhvl/cpnmbt/rwregister/register.pb.go:1629.4,1632.16 4 0
github.com/selabhvl/cpnmbt/rwregister/register.pb.go:1623.19,1625.5 1 0
github.com/selabhvl/cpnmbt/rwregister/register.pb.go:1626.18,1628.5 1 0
github.com/selabhvl/cpnmbt/rwregister/register.pb.go:1632.16,1633.10 1 0
github.com/selabhvl/cpnmbt/rwregister/register.pb.go:1638.10,1639.39 1 0
github.com/selabhvl/cpnmbt/rwregister/register.pb.go:1651.4,1651.21 1 0
github.com/selabhvl/cpnmbt/rwregister/register.pb.go:1652.10,1654.21 2 0
github.com/selabhvl/cpnmbt/rwregister/register.pb.go:1655.10,1657.39 2 0
github.com/selabhvl/cpnmbt/rwregister/register.pb.go:1671.4,1672.18 2 0
github.com/selabhvl/cpnmbt/rwregister/register.pb.go:1675.4,1675.21 1 0
github.com/selabhvl/cpnmbt/rwregister/register.pb.go:1676.10,1677.8 1 0
github.com/selabhvl/cpnmbt/rwregister/register.pb.go:1704.4,1704.21 1 0
github.com/selabhvl/cpnmbt/rwregister/register.pb.go:1705.10,1706.21 1 0
github.com/selabhvl/cpnmbt/rwregister/register.pb.go:1707.10,1709.21 2 0
github.com/selabhvl/cpnmbt/rwregister/register.pb.go:1710.11,1711.64 1 0
github.com/selabhvl/cpnmbt/rwregister/register.pb.go:1639.39,1640.20 1 0
github.com/selabhvl/cpnmbt/rwregister/register.pb.go:1643.5,1643.19 1 0
github.com/selabhvl/cpnmbt/rwregister/register.pb.go:1646.5,1647.29 2 0
github.com/selabhvl/cpnmbt/rwregister/register.pb.go:1640.20,1642.6 1 0
github.com/selabhvl/cpnmbt/rwregister/register.pb.go:1643.19,1645.6 1 0
github.com/selabhvl/cpnmbt/rwregister/register.pb.go:1647.29,1648.11 1 0
github.com/selabhvl/cpnmbt/rwregister/register.pb.go:1657.39,1658.20 1 0
github.com/selabhvl/cpnmbt/rwregister/register.pb.go:1661.5,1661.19 1 0
github.com/selabhvl/cpnmbt/rwregister/register.pb.go:1664.5,1667.17 4 0
github.com/selabhvl/cpnmbt/rwregister/register.pb.go:1658.20,1660.6 1 0
github.com/selabhvl/cpnmbt/rwregister/register.pb.go:1661.19,1663.6 1 0
github.com/selabhvl/cpnmbt/rwregister/register.pb.go:1667.17,1668.11 1 0
github.com/selabhvl/cpnmbt/rwregister/register.pb.go:1672.18,1674.5 1 0
github.com/selabhvl/cpnmbt/rwregister/register.pb.go:1677.8,1680.40 3 0
github.com/selabhvl/cpnmbt/rwregister/register.pb.go:1694.5,1695.27 2 0
github.com/selabhvl/cpnmbt/rwregister/register.pb.go:1698.5,1699.19 2 0
github.com/selabhvl/cpnmbt/rwregister/register.pb.go:1702.5,1702.25 1 0
github.com/selabhvl/cpnmbt/rwregister/register.pb.go:1680.40,1681.21 1 0
github.com/selabhvl/cpnmbt/rwregister/register.pb.go:1684.6,1684.20 1 0
github.com/selabhvl/cpnmbt/rwregister/register.pb.go:1687.6,1690.18 4 0
github.com/selabhvl/cpnmbt/rwregister/register.pb.go:1681.21,1683.7 1 0
github.com/selabhvl/cpnmbt/rwregister/register.pb.go:1684.20,1686.7 1 0
github.com/selabhvl/cpnmbt/rwregister/register.pb.go:1690.18,1691.12 1 0
github.com/selabhvl/cpnmbt/rwregister/register.pb.go:1695.27,1696.11 1 0
github.com/selabhvl/cpnmbt/rwregister/register.pb.go:1699.19,1701.6 1 0
github.com/selabhvl/cpnmbt/rwregister/register.pb.go:1722.13,1722.77 1 1
github.com/selabhvl/cpnmbt/rwregister/rwqspec.go:17.49,22.2 1 1
github.com/selabhvl/cpnmbt/rwregister/rwqspec.go:27.60,28.26 1 1
github.com/selabhvl/cpnmbt/rwregister/rwqspec.go:34.2,35.32 2 1
github.com/selabhvl/cpnmbt/rwregister/rwqspec.go:41.2,43.22 2 1
github.com/selabhvl/cpnmbt/rwregister/rwqspec.go:28.26,32.3 1 1
github.com/selabhvl/cpnmbt/rwregister/rwqspec.go:35.32,36.85 1 1
github.com/selabhvl/cpnmbt/rwregister/rwqspec.go:39.3,39.18 1 1
github.com/selabhvl/cpnmbt/rwregister/rwqspec.go:36.85,37.12 1 1
github.com/selabhvl/cpnmbt/rwregister/rwqspec.go:48.77,49.26 1 1
github.com/selabhvl/cpnmbt/rwregister/rwqspec.go:55.2,55.25 1 1
github.com/selabhvl/cpnmbt/rwregister/rwqspec.go:49.26,53.3 1 1
github.com/selabhvl/cpnmbt/rwregister/rwregister.go:28.46,36.2 1 1
github.com/selabhvl/cpnmbt/rwregister/rwregister.go:39.90,45.2 4 1
github.com/selabhvl/cpnmbt/rwregister/rwregister.go:48.92,52.41 4 1
github.com/selabhvl/cpnmbt/rwregister/rwregister.go:56.2,58.23 2 1
github.com/selabhvl/cpnmbt/rwregister/rwregister.go:52.41,55.3 2 1
github.com/selabhvl/cpnmbt/rwregister/rwregister.go:62.46,64.2 1 0
github.com/selabhvl/cpnmbt/rwregister/rwregister.go:67.47,69.2 1 0
